<?xml version="1.0" encoding="UTF-8"?>
<!-- Generated by org.testng.reporters.JUnitReportReporter -->
<testsuite hostname="DESKTOP-JDL9694" failures="0" tests="2" name="day14.Logintest_Btes" time="5.891" errors="0" timestamp="2024-04-12T00:26:34 IST" skipped="0">
  <testcase classname="day14.Logintest_Btes" name="checklogo" time="0.389"/>
  <system-out/>
  <testcase classname="day14.Logintest_Btes" name="logintest" time="5.502"/>
  <system-out/>
</testsuite> <!-- day14.Logintest_Btes -->
