<?xml version="1.0" encoding="UTF-8"?>
<!-- Generated by org.testng.reporters.JUnitReportReporter -->
<testsuite hostname="DESKTOP-JDL9694" failures="0" tests="1" name="day15.GridTest2" time="11.923" errors="0" timestamp="2024-04-12T00:59:19 IST" skipped="0">
  <testcase classname="day15.GridTest2" name="login" time="11.923"/>
  <system-out/>
</testsuite> <!-- day15.GridTest2 -->
