<?xml version="1.0" encoding="UTF-8"?>
<!-- Generated by org.testng.reporters.JUnitReportReporter -->
<testsuite hostname="DESKTOP-JDL9694" failures="0" tests="1" name="day15.GridTest1" time="25.177" errors="0" timestamp="2024-04-11T12:08:20 IST" skipped="0">
  <testcase classname="day15.GridTest1" name="setup" time="25.177"/>
  <system-out/>
</testsuite> <!-- day15.GridTest1 -->
