<?xml version="1.0" encoding="UTF-8"?>
<!-- Generated by org.testng.reporters.JUnitReportReporter -->
<testsuite hostname="DESKTOP-JDL9694" failures="0" tests="2" name="day13.LoginTestPractice" time="2.790" errors="0" timestamp="2024-04-04T22:32:22 IST" skipped="0">
  <testcase classname="day13.LoginTestPractice" name="checklogo" time="0.083"/>
  <system-out/>
  <testcase classname="day13.LoginTestPractice" name="testlogin" time="2.707"/>
  <system-out/>
</testsuite> <!-- day13.LoginTestPractice -->
