<?xml version="1.0" encoding="UTF-8"?>
<!-- Generated by org.testng.reporters.JUnitReportReporter -->
<testsuite hostname="DESKTOP-JDL9694" failures="0" tests="10" name="day12.ParamTest" time="56.495" errors="0" timestamp="2024-04-03T12:23:08 IST" skipped="0">
  <testcase classname="day12.ParamTest" name="setup" time="19.469"/>
  <system-out/>
  <testcase classname="day12.ParamTest" name="setup" time="16.539"/>
  <system-out/>
  <testcase classname="day12.ParamTest" name="testLogo" time="0.093"/>
  <system-out/>
  <testcase classname="day12.ParamTest" name="testLogo" time="0.095"/>
  <system-out/>
  <testcase classname="day12.ParamTest" name="testhomepagetitle" time="0.024"/>
  <system-out/>
  <testcase classname="day12.ParamTest" name="testhomepagetitle" time="0.020"/>
  <system-out/>
  <testcase classname="day12.ParamTest" name="login" time="6.457"/>
  <system-out/>
  <testcase classname="day12.ParamTest" name="login" time="7.721"/>
  <system-out/>
  <testcase classname="day12.ParamTest" name="tearup" time="5.725"/>
  <system-out/>
  <testcase classname="day12.ParamTest" name="tearup" time="0.352"/>
  <system-out/>
</testsuite> <!-- day12.ParamTest -->
