<?xml version="1.0" encoding="UTF-8"?>
<!-- Generated by org.testng.reporters.JUnitReportReporter -->
<testsuite hostname="DESKTOP-JDL9694" failures="0" tests="2" name="day13.LoginTest" time="2.036" errors="0" timestamp="2024-04-04T11:57:12 IST" skipped="0">
  <testcase classname="day13.LoginTest" name="logocheck" time="0.097"/>
  <system-out/>
  <testcase classname="day13.LoginTest" name="testlogin" time="1.939"/>
  <system-out/>
</testsuite> <!-- day13.LoginTest -->
