<?xml version="1.0" encoding="UTF-8"?>
<!-- Generated by org.testng.reporters.JUnitReportReporter -->
<testsuite hostname="DESKTOP-JDL9694" failures="0" tests="6" name="day12.Grouping_demo" time="0.059" errors="0" timestamp="2024-04-02T11:36:02 IST" skipped="0">
  <testcase classname="day12.Grouping_demo" name="loginByEmail" time="0.031"/>
  <system-out/>
  <testcase classname="day12.Grouping_demo" name="loginByfacebook" time="0.006"/>
  <system-out/>
  <testcase classname="day12.Grouping_demo" name="loginBytwitter" time="0.004"/>
  <system-out/>
  <testcase classname="day12.Grouping_demo" name="signupbyemail" time="0.002"/>
  <system-out/>
  <testcase classname="day12.Grouping_demo" name="paymentinrupees" time="0.003"/>
  <system-out/>
  <testcase classname="day12.Grouping_demo" name="paymentindollar" time="0.013"/>
  <system-out/>
</testsuite> <!-- day12.Grouping_demo -->
