<?xml version="1.0" encoding="UTF-8"?>
<!-- Generated by org.testng.reporters.JUnitReportReporter -->
<testsuite hostname="DESKTOP-JDL9694" failures="0" tests="3" name="day11.Test2" time="12.019" errors="0" timestamp="2024-03-29T11:57:26 IST" skipped="0">
  <testcase classname="day11.Test2" name="openapp" time="10.794"/>
  <system-out/>
  <testcase classname="day11.Test2" name="login" time="1.085"/>
  <system-out/>
  <testcase classname="day11.Test2" name="closeapp" time="0.140"/>
  <system-out/>
</testsuite> <!-- day11.Test2 -->
