<?xml version="1.0" encoding="UTF-8"?>
<!-- Generated by org.testng.reporters.JUnitReportReporter -->
<testsuite hostname="DESKTOP-JDL9694" failures="0" tests="3" name="day11.Test2" time="19.542" errors="0" timestamp="2024-04-08T10:55:56 IST" skipped="0">
  <testcase classname="day11.Test2" name="openapp" time="17.822"/>
  <system-out/>
  <testcase classname="day11.Test2" name="login" time="1.393"/>
  <system-out/>
  <testcase classname="day11.Test2" name="closeapp" time="0.327"/>
  <system-out/>
</testsuite> <!-- day11.Test2 -->
