<?xml version="1.0" encoding="UTF-8"?>
<!-- Generated by org.testng.reporters.JUnitReportReporter -->
<testsuite hostname="DESKTOP-JDL9694" failures="0" tests="3" name="day11.Test1" time="0.045" errors="0" timestamp="2024-03-29T11:57:26 IST" skipped="0">
  <testcase classname="day11.Test1" name="three" time="0.006"/>
  <system-out/>
  <testcase classname="day11.Test1" name="one" time="0.031"/>
  <system-out/>
  <testcase classname="day11.Test1" name="two" time="0.008"/>
  <system-out/>
</testsuite> <!-- day11.Test1 -->
