<?xml version="1.0" encoding="UTF-8"?>
<!-- Generated by org.testng.reporters.JUnitReportReporter -->
<testsuite hostname="DESKTOP-JDL9694" failures="0" tests="2" name="day13.LoginTest2" time="2.408" errors="0" timestamp="2024-04-04T12:16:12 IST" skipped="0">
  <testcase classname="day13.LoginTest2" name="logocheck" time="0.189"/>
  <system-out/>
  <testcase classname="day13.LoginTest2" name="testlogin" time="2.219"/>
  <system-out/>
</testsuite> <!-- day13.LoginTest2 -->
