<?xml version="1.0" encoding="UTF-8"?>
<!-- Generated by org.testng.reporters.JUnitReportReporter -->
<testsuite hostname="DESKTOP-JDL9694" failures="0" tests="2" name="day13.LoginTestPractice1" time="2.751" errors="0" timestamp="2024-04-04T23:23:34 IST" skipped="0">
  <testcase classname="day13.LoginTestPractice1" name="logotest" time="0.164"/>
  <system-out/>
  <testcase classname="day13.LoginTestPractice1" name="logintest" time="2.587"/>
  <system-out/>
</testsuite> <!-- day13.LoginTestPractice1 -->
