<?xml version="1.0" encoding="UTF-8"?>
<!-- Generated by org.testng.reporters.JUnitReportReporter -->
<testsuite hostname="DESKTOP-JDL9694" failures="0" tests="2" name="day12.Annotations_demo" time="0.044" errors="0" timestamp="2024-04-01T11:11:24 IST" skipped="0">
  <testcase classname="day12.Annotations_demo" name="search" time="0.011"/>
  <system-out/>
  <testcase classname="day12.Annotations_demo" name="advsearch" time="0.033"/>
  <system-out/>
</testsuite> <!-- day12.Annotations_demo -->
