<?xml version="1.0" encoding="UTF-8"?>
<!-- Generated by org.testng.reporters.JUnitReportReporter -->
<testsuite hostname="DESKTOP-JDL9694" failures="0" tests="3" name="day11.Test2" time="38.285" errors="0" timestamp="2024-04-08T12:06:27 IST" skipped="0">
  <testcase classname="day11.Test2" name="openapp" time="34.491"/>
  <testcase classname="day11.Test2" name="login" time="3.568"/>
  <testcase classname="day11.Test2" name="closeapp" time="0.226"/>
</testsuite> <!-- day11.Test2 -->
